[2023-06-27T09:26:50.109+0000] {logging_mixin.py:149} INFO - Changing /opt/***/logs/dag_id=ingest_data_dag/run_id=manual__2023-06-27T09:26:19.043787+00:00/task_id=download_data_task_2018 permission to 509
[2023-06-27T09:26:50.205+0000] {logging_mixin.py:149} INFO - Changing /opt/***/logs/dag_id=ingest_data_dag/run_id=manual__2023-06-27T09:26:19.043787+00:00/task_id=download_data_task_2018 permission to 509
[2023-06-27T09:26:50.281+0000] {taskinstance.py:1103} INFO - Dependencies all met for dep_context=non-requeueable deps ti=<TaskInstance: ingest_data_dag.download_data_task_2018 manual__2023-06-27T09:26:19.043787+00:00 [queued]>
[2023-06-27T09:26:50.308+0000] {taskinstance.py:1103} INFO - Dependencies all met for dep_context=requeueable deps ti=<TaskInstance: ingest_data_dag.download_data_task_2018 manual__2023-06-27T09:26:19.043787+00:00 [queued]>
[2023-06-27T09:26:50.310+0000] {taskinstance.py:1308} INFO - Starting attempt 1 of 2
[2023-06-27T09:26:50.352+0000] {taskinstance.py:1327} INFO - Executing <Task(BashOperator): download_data_task_2018> on 2023-06-27 09:26:19.043787+00:00
[2023-06-27T09:26:50.369+0000] {standard_task_runner.py:57} INFO - Started process 156 to run task
[2023-06-27T09:26:50.390+0000] {standard_task_runner.py:84} INFO - Running: ['***', 'tasks', 'run', 'ingest_data_dag', 'download_data_task_2018', 'manual__2023-06-27T09:26:19.043787+00:00', '--job-id', '529', '--raw', '--subdir', 'DAGS_FOLDER/ingest_data_dag.py', '--cfg-path', '/tmp/tmptn4_zni8']
[2023-06-27T09:26:50.398+0000] {standard_task_runner.py:85} INFO - Job 529: Subtask download_data_task_2018
[2023-06-27T09:26:50.519+0000] {logging_mixin.py:149} INFO - Changing /opt/***/logs/dag_id=ingest_data_dag/run_id=manual__2023-06-27T09:26:19.043787+00:00/task_id=download_data_task_2018 permission to 509
[2023-06-27T09:26:50.540+0000] {task_command.py:410} INFO - Running <TaskInstance: ingest_data_dag.download_data_task_2018 manual__2023-06-27T09:26:19.043787+00:00 [running]> on host c72d474eb810
[2023-06-27T09:26:50.781+0000] {taskinstance.py:1547} INFO - Exporting env vars: AIRFLOW_CTX_DAG_OWNER='***' AIRFLOW_CTX_DAG_ID='ingest_data_dag' AIRFLOW_CTX_TASK_ID='download_data_task_2018' AIRFLOW_CTX_EXECUTION_DATE='2023-06-27T09:26:19.043787+00:00' AIRFLOW_CTX_TRY_NUMBER='1' AIRFLOW_CTX_DAG_RUN_ID='manual__2023-06-27T09:26:19.043787+00:00'
[2023-06-27T09:26:50.786+0000] {subprocess.py:63} INFO - Tmp dir root location: 
 /tmp
[2023-06-27T09:26:50.788+0000] {subprocess.py:75} INFO - Running command: ['/bin/bash', '-c', 'curl -sS http://kilimodata.org/datastore/dump/4babb6fc-a24c-4e6b-8528-114658e0b402?bom=True > /opt/***/production_2018.csv']
[2023-06-27T09:26:50.823+0000] {subprocess.py:86} INFO - Output:
[2023-06-27T09:26:51.855+0000] {subprocess.py:97} INFO - Command exited with return code 0
[2023-06-27T09:26:51.950+0000] {taskinstance.py:1350} INFO - Marking task as SUCCESS. dag_id=ingest_data_dag, task_id=download_data_task_2018, execution_date=20230627T092619, start_date=20230627T092650, end_date=20230627T092651
[2023-06-27T09:26:52.007+0000] {local_task_job_runner.py:225} INFO - Task exited with return code 0
[2023-06-27T09:26:52.091+0000] {taskinstance.py:2651} INFO - 1 downstream tasks scheduled from follow-on schedule check
