[2023-06-27T09:24:04.819+0000] {processor.py:157} INFO - Started process (PID=45) to work on /opt/airflow/dags/ingest_data_dag.py
[2023-06-27T09:24:04.823+0000] {processor.py:826} INFO - Processing file /opt/airflow/dags/ingest_data_dag.py for tasks to queue
[2023-06-27T09:24:04.836+0000] {logging_mixin.py:149} INFO - [2023-06-27T09:24:04.835+0000] {dagbag.py:541} INFO - Filling up the DagBag from /opt/airflow/dags/ingest_data_dag.py
[2023-06-27T09:24:05.006+0000] {processor.py:836} INFO - DAG(s) dict_keys(['ingest_data_dag']) retrieved from /opt/airflow/dags/ingest_data_dag.py
[2023-06-27T09:24:05.888+0000] {logging_mixin.py:149} INFO - [2023-06-27T09:24:05.888+0000] {manager.py:504} INFO - Created Permission View: can edit on DAG:ingest_data_dag
[2023-06-27T09:24:05.964+0000] {logging_mixin.py:149} INFO - [2023-06-27T09:24:05.963+0000] {manager.py:504} INFO - Created Permission View: can delete on DAG:ingest_data_dag
[2023-06-27T09:24:06.013+0000] {logging_mixin.py:149} INFO - [2023-06-27T09:24:06.012+0000] {manager.py:504} INFO - Created Permission View: can read on DAG:ingest_data_dag
[2023-06-27T09:24:06.020+0000] {logging_mixin.py:149} INFO - [2023-06-27T09:24:06.020+0000] {dag.py:2726} INFO - Sync 1 DAGs
[2023-06-27T09:24:06.091+0000] {logging_mixin.py:149} INFO - [2023-06-27T09:24:06.091+0000] {dag.py:2747} INFO - Creating ORM DAG for ingest_data_dag
[2023-06-27T09:24:06.157+0000] {logging_mixin.py:149} INFO - [2023-06-27T09:24:06.156+0000] {dag.py:3490} INFO - Setting next_dagrun for ingest_data_dag to 2023-06-26T00:00:00+00:00, run_after=2023-06-27T00:00:00+00:00
[2023-06-27T09:24:06.273+0000] {processor.py:179} INFO - Processing /opt/airflow/dags/ingest_data_dag.py took 1.471 seconds
[2023-06-27T09:24:36.667+0000] {processor.py:157} INFO - Started process (PID=55) to work on /opt/airflow/dags/ingest_data_dag.py
[2023-06-27T09:24:36.673+0000] {processor.py:826} INFO - Processing file /opt/airflow/dags/ingest_data_dag.py for tasks to queue
[2023-06-27T09:24:36.687+0000] {logging_mixin.py:149} INFO - [2023-06-27T09:24:36.686+0000] {dagbag.py:541} INFO - Filling up the DagBag from /opt/airflow/dags/ingest_data_dag.py
[2023-06-27T09:24:36.766+0000] {processor.py:836} INFO - DAG(s) dict_keys(['ingest_data_dag']) retrieved from /opt/airflow/dags/ingest_data_dag.py
[2023-06-27T09:24:36.931+0000] {logging_mixin.py:149} INFO - [2023-06-27T09:24:36.930+0000] {dag.py:2726} INFO - Sync 1 DAGs
[2023-06-27T09:24:37.030+0000] {logging_mixin.py:149} INFO - [2023-06-27T09:24:37.030+0000] {dag.py:3490} INFO - Setting next_dagrun for ingest_data_dag to 2023-06-26T00:00:00+00:00, run_after=2023-06-27T00:00:00+00:00
[2023-06-27T09:24:37.110+0000] {processor.py:179} INFO - Processing /opt/airflow/dags/ingest_data_dag.py took 0.454 seconds
[2023-06-27T09:25:07.485+0000] {processor.py:157} INFO - Started process (PID=64) to work on /opt/airflow/dags/ingest_data_dag.py
[2023-06-27T09:25:07.488+0000] {processor.py:826} INFO - Processing file /opt/airflow/dags/ingest_data_dag.py for tasks to queue
[2023-06-27T09:25:07.495+0000] {logging_mixin.py:149} INFO - [2023-06-27T09:25:07.494+0000] {dagbag.py:541} INFO - Filling up the DagBag from /opt/airflow/dags/ingest_data_dag.py
[2023-06-27T09:25:07.545+0000] {processor.py:836} INFO - DAG(s) dict_keys(['ingest_data_dag']) retrieved from /opt/airflow/dags/ingest_data_dag.py
[2023-06-27T09:25:07.605+0000] {logging_mixin.py:149} INFO - [2023-06-27T09:25:07.604+0000] {dag.py:2726} INFO - Sync 1 DAGs
[2023-06-27T09:25:07.674+0000] {logging_mixin.py:149} INFO - [2023-06-27T09:25:07.674+0000] {dag.py:3490} INFO - Setting next_dagrun for ingest_data_dag to 2023-06-26T00:00:00+00:00, run_after=2023-06-27T00:00:00+00:00
[2023-06-27T09:25:07.739+0000] {processor.py:179} INFO - Processing /opt/airflow/dags/ingest_data_dag.py took 0.266 seconds
[2023-06-27T09:25:38.048+0000] {processor.py:157} INFO - Started process (PID=73) to work on /opt/airflow/dags/ingest_data_dag.py
[2023-06-27T09:25:38.052+0000] {processor.py:826} INFO - Processing file /opt/airflow/dags/ingest_data_dag.py for tasks to queue
[2023-06-27T09:25:38.059+0000] {logging_mixin.py:149} INFO - [2023-06-27T09:25:38.059+0000] {dagbag.py:541} INFO - Filling up the DagBag from /opt/airflow/dags/ingest_data_dag.py
[2023-06-27T09:25:38.117+0000] {processor.py:836} INFO - DAG(s) dict_keys(['ingest_data_dag']) retrieved from /opt/airflow/dags/ingest_data_dag.py
[2023-06-27T09:25:38.189+0000] {logging_mixin.py:149} INFO - [2023-06-27T09:25:38.188+0000] {dag.py:2726} INFO - Sync 1 DAGs
[2023-06-27T09:25:38.238+0000] {logging_mixin.py:149} INFO - [2023-06-27T09:25:38.238+0000] {dag.py:3490} INFO - Setting next_dagrun for ingest_data_dag to 2023-06-26T00:00:00+00:00, run_after=2023-06-27T00:00:00+00:00
[2023-06-27T09:25:38.283+0000] {processor.py:179} INFO - Processing /opt/airflow/dags/ingest_data_dag.py took 0.242 seconds
[2023-06-27T09:26:08.607+0000] {processor.py:157} INFO - Started process (PID=82) to work on /opt/airflow/dags/ingest_data_dag.py
[2023-06-27T09:26:08.611+0000] {processor.py:826} INFO - Processing file /opt/airflow/dags/ingest_data_dag.py for tasks to queue
[2023-06-27T09:26:08.619+0000] {logging_mixin.py:149} INFO - [2023-06-27T09:26:08.618+0000] {dagbag.py:541} INFO - Filling up the DagBag from /opt/airflow/dags/ingest_data_dag.py
[2023-06-27T09:26:08.675+0000] {processor.py:836} INFO - DAG(s) dict_keys(['ingest_data_dag']) retrieved from /opt/airflow/dags/ingest_data_dag.py
[2023-06-27T09:26:08.741+0000] {logging_mixin.py:149} INFO - [2023-06-27T09:26:08.741+0000] {dag.py:2726} INFO - Sync 1 DAGs
[2023-06-27T09:26:08.799+0000] {logging_mixin.py:149} INFO - [2023-06-27T09:26:08.799+0000] {dag.py:3490} INFO - Setting next_dagrun for ingest_data_dag to 2023-06-26T00:00:00+00:00, run_after=2023-06-27T00:00:00+00:00
[2023-06-27T09:26:08.850+0000] {processor.py:179} INFO - Processing /opt/airflow/dags/ingest_data_dag.py took 0.252 seconds
[2023-06-27T09:26:39.187+0000] {processor.py:157} INFO - Started process (PID=102) to work on /opt/airflow/dags/ingest_data_dag.py
[2023-06-27T09:26:39.191+0000] {processor.py:826} INFO - Processing file /opt/airflow/dags/ingest_data_dag.py for tasks to queue
[2023-06-27T09:26:39.199+0000] {logging_mixin.py:149} INFO - [2023-06-27T09:26:39.199+0000] {dagbag.py:541} INFO - Filling up the DagBag from /opt/airflow/dags/ingest_data_dag.py
[2023-06-27T09:26:39.259+0000] {processor.py:836} INFO - DAG(s) dict_keys(['ingest_data_dag']) retrieved from /opt/airflow/dags/ingest_data_dag.py
[2023-06-27T09:26:39.363+0000] {logging_mixin.py:149} INFO - [2023-06-27T09:26:39.363+0000] {dag.py:2726} INFO - Sync 1 DAGs
[2023-06-27T09:26:39.509+0000] {processor.py:179} INFO - Processing /opt/airflow/dags/ingest_data_dag.py took 0.332 seconds
[2023-06-27T09:27:09.847+0000] {processor.py:157} INFO - Started process (PID=124) to work on /opt/airflow/dags/ingest_data_dag.py
[2023-06-27T09:27:09.853+0000] {processor.py:826} INFO - Processing file /opt/airflow/dags/ingest_data_dag.py for tasks to queue
[2023-06-27T09:27:09.866+0000] {logging_mixin.py:149} INFO - [2023-06-27T09:27:09.865+0000] {dagbag.py:541} INFO - Filling up the DagBag from /opt/airflow/dags/ingest_data_dag.py
[2023-06-27T09:27:09.934+0000] {processor.py:836} INFO - DAG(s) dict_keys(['ingest_data_dag']) retrieved from /opt/airflow/dags/ingest_data_dag.py
[2023-06-27T09:27:10.025+0000] {logging_mixin.py:149} INFO - [2023-06-27T09:27:10.025+0000] {dag.py:2726} INFO - Sync 1 DAGs
[2023-06-27T09:27:10.140+0000] {processor.py:179} INFO - Processing /opt/airflow/dags/ingest_data_dag.py took 0.304 seconds
[2023-06-27T09:27:40.460+0000] {processor.py:157} INFO - Started process (PID=133) to work on /opt/airflow/dags/ingest_data_dag.py
[2023-06-27T09:27:40.465+0000] {processor.py:826} INFO - Processing file /opt/airflow/dags/ingest_data_dag.py for tasks to queue
[2023-06-27T09:27:40.474+0000] {logging_mixin.py:149} INFO - [2023-06-27T09:27:40.473+0000] {dagbag.py:541} INFO - Filling up the DagBag from /opt/airflow/dags/ingest_data_dag.py
[2023-06-27T09:27:40.530+0000] {processor.py:836} INFO - DAG(s) dict_keys(['ingest_data_dag']) retrieved from /opt/airflow/dags/ingest_data_dag.py
[2023-06-27T09:27:40.631+0000] {logging_mixin.py:149} INFO - [2023-06-27T09:27:40.631+0000] {dag.py:2726} INFO - Sync 1 DAGs
[2023-06-27T09:27:40.717+0000] {logging_mixin.py:149} INFO - [2023-06-27T09:27:40.716+0000] {dag.py:3490} INFO - Setting next_dagrun for ingest_data_dag to 2023-06-27T00:00:00+00:00, run_after=2023-06-28T00:00:00+00:00
[2023-06-27T09:27:40.776+0000] {processor.py:179} INFO - Processing /opt/airflow/dags/ingest_data_dag.py took 0.330 seconds
[2023-06-27T09:28:11.179+0000] {processor.py:157} INFO - Started process (PID=142) to work on /opt/airflow/dags/ingest_data_dag.py
[2023-06-27T09:28:11.186+0000] {processor.py:826} INFO - Processing file /opt/airflow/dags/ingest_data_dag.py for tasks to queue
[2023-06-27T09:28:11.196+0000] {logging_mixin.py:149} INFO - [2023-06-27T09:28:11.195+0000] {dagbag.py:541} INFO - Filling up the DagBag from /opt/airflow/dags/ingest_data_dag.py
[2023-06-27T09:28:11.245+0000] {processor.py:836} INFO - DAG(s) dict_keys(['ingest_data_dag']) retrieved from /opt/airflow/dags/ingest_data_dag.py
[2023-06-27T09:28:11.342+0000] {logging_mixin.py:149} INFO - [2023-06-27T09:28:11.341+0000] {dag.py:2726} INFO - Sync 1 DAGs
[2023-06-27T09:28:11.458+0000] {logging_mixin.py:149} INFO - [2023-06-27T09:28:11.457+0000] {dag.py:3490} INFO - Setting next_dagrun for ingest_data_dag to 2023-06-27T00:00:00+00:00, run_after=2023-06-28T00:00:00+00:00
[2023-06-27T09:28:11.511+0000] {processor.py:179} INFO - Processing /opt/airflow/dags/ingest_data_dag.py took 0.347 seconds
[2023-06-27T09:28:41.876+0000] {processor.py:157} INFO - Started process (PID=151) to work on /opt/airflow/dags/ingest_data_dag.py
[2023-06-27T09:28:41.881+0000] {processor.py:826} INFO - Processing file /opt/airflow/dags/ingest_data_dag.py for tasks to queue
[2023-06-27T09:28:41.890+0000] {logging_mixin.py:149} INFO - [2023-06-27T09:28:41.889+0000] {dagbag.py:541} INFO - Filling up the DagBag from /opt/airflow/dags/ingest_data_dag.py
[2023-06-27T09:28:41.952+0000] {processor.py:836} INFO - DAG(s) dict_keys(['ingest_data_dag']) retrieved from /opt/airflow/dags/ingest_data_dag.py
[2023-06-27T09:28:42.042+0000] {logging_mixin.py:149} INFO - [2023-06-27T09:28:42.041+0000] {dag.py:2726} INFO - Sync 1 DAGs
[2023-06-27T09:28:42.107+0000] {logging_mixin.py:149} INFO - [2023-06-27T09:28:42.107+0000] {dag.py:3490} INFO - Setting next_dagrun for ingest_data_dag to 2023-06-27T00:00:00+00:00, run_after=2023-06-28T00:00:00+00:00
[2023-06-27T09:28:42.153+0000] {processor.py:179} INFO - Processing /opt/airflow/dags/ingest_data_dag.py took 0.289 seconds
[2023-06-27T09:29:12.271+0000] {processor.py:157} INFO - Started process (PID=160) to work on /opt/airflow/dags/ingest_data_dag.py
[2023-06-27T09:29:12.274+0000] {processor.py:826} INFO - Processing file /opt/airflow/dags/ingest_data_dag.py for tasks to queue
[2023-06-27T09:29:12.283+0000] {logging_mixin.py:149} INFO - [2023-06-27T09:29:12.282+0000] {dagbag.py:541} INFO - Filling up the DagBag from /opt/airflow/dags/ingest_data_dag.py
[2023-06-27T09:29:12.338+0000] {processor.py:836} INFO - DAG(s) dict_keys(['ingest_data_dag']) retrieved from /opt/airflow/dags/ingest_data_dag.py
[2023-06-27T09:29:12.419+0000] {logging_mixin.py:149} INFO - [2023-06-27T09:29:12.419+0000] {dag.py:2726} INFO - Sync 1 DAGs
[2023-06-27T09:29:12.491+0000] {logging_mixin.py:149} INFO - [2023-06-27T09:29:12.490+0000] {dag.py:3490} INFO - Setting next_dagrun for ingest_data_dag to 2023-06-27T00:00:00+00:00, run_after=2023-06-28T00:00:00+00:00
[2023-06-27T09:29:12.543+0000] {processor.py:179} INFO - Processing /opt/airflow/dags/ingest_data_dag.py took 0.285 seconds
[2023-06-27T09:29:42.764+0000] {processor.py:157} INFO - Started process (PID=168) to work on /opt/airflow/dags/ingest_data_dag.py
[2023-06-27T09:29:42.769+0000] {processor.py:826} INFO - Processing file /opt/airflow/dags/ingest_data_dag.py for tasks to queue
[2023-06-27T09:29:42.778+0000] {logging_mixin.py:149} INFO - [2023-06-27T09:29:42.777+0000] {dagbag.py:541} INFO - Filling up the DagBag from /opt/airflow/dags/ingest_data_dag.py
[2023-06-27T09:29:42.845+0000] {processor.py:836} INFO - DAG(s) dict_keys(['ingest_data_dag']) retrieved from /opt/airflow/dags/ingest_data_dag.py
[2023-06-27T09:29:42.912+0000] {logging_mixin.py:149} INFO - [2023-06-27T09:29:42.912+0000] {dag.py:2726} INFO - Sync 1 DAGs
[2023-06-27T09:29:42.975+0000] {logging_mixin.py:149} INFO - [2023-06-27T09:29:42.974+0000] {dag.py:3490} INFO - Setting next_dagrun for ingest_data_dag to 2023-06-27T00:00:00+00:00, run_after=2023-06-28T00:00:00+00:00
[2023-06-27T09:29:43.030+0000] {processor.py:179} INFO - Processing /opt/airflow/dags/ingest_data_dag.py took 0.278 seconds
[2023-06-27T09:30:13.138+0000] {processor.py:157} INFO - Started process (PID=177) to work on /opt/airflow/dags/ingest_data_dag.py
[2023-06-27T09:30:13.143+0000] {processor.py:826} INFO - Processing file /opt/airflow/dags/ingest_data_dag.py for tasks to queue
[2023-06-27T09:30:13.153+0000] {logging_mixin.py:149} INFO - [2023-06-27T09:30:13.152+0000] {dagbag.py:541} INFO - Filling up the DagBag from /opt/airflow/dags/ingest_data_dag.py
[2023-06-27T09:30:13.218+0000] {processor.py:836} INFO - DAG(s) dict_keys(['ingest_data_dag']) retrieved from /opt/airflow/dags/ingest_data_dag.py
[2023-06-27T09:30:13.312+0000] {logging_mixin.py:149} INFO - [2023-06-27T09:30:13.311+0000] {dag.py:2726} INFO - Sync 1 DAGs
[2023-06-27T09:30:13.397+0000] {logging_mixin.py:149} INFO - [2023-06-27T09:30:13.396+0000] {dag.py:3490} INFO - Setting next_dagrun for ingest_data_dag to 2023-06-27T00:00:00+00:00, run_after=2023-06-28T00:00:00+00:00
[2023-06-27T09:30:13.464+0000] {processor.py:179} INFO - Processing /opt/airflow/dags/ingest_data_dag.py took 0.339 seconds
[2023-06-27T09:30:43.629+0000] {processor.py:157} INFO - Started process (PID=186) to work on /opt/airflow/dags/ingest_data_dag.py
[2023-06-27T09:30:43.633+0000] {processor.py:826} INFO - Processing file /opt/airflow/dags/ingest_data_dag.py for tasks to queue
[2023-06-27T09:30:43.639+0000] {logging_mixin.py:149} INFO - [2023-06-27T09:30:43.639+0000] {dagbag.py:541} INFO - Filling up the DagBag from /opt/airflow/dags/ingest_data_dag.py
[2023-06-27T09:30:43.699+0000] {processor.py:836} INFO - DAG(s) dict_keys(['ingest_data_dag']) retrieved from /opt/airflow/dags/ingest_data_dag.py
[2023-06-27T09:30:43.792+0000] {logging_mixin.py:149} INFO - [2023-06-27T09:30:43.792+0000] {dag.py:2726} INFO - Sync 1 DAGs
[2023-06-27T09:30:43.885+0000] {logging_mixin.py:149} INFO - [2023-06-27T09:30:43.885+0000] {dag.py:3490} INFO - Setting next_dagrun for ingest_data_dag to 2023-06-27T00:00:00+00:00, run_after=2023-06-28T00:00:00+00:00
[2023-06-27T09:30:43.945+0000] {processor.py:179} INFO - Processing /opt/airflow/dags/ingest_data_dag.py took 0.327 seconds
[2023-06-27T09:31:14.103+0000] {processor.py:157} INFO - Started process (PID=195) to work on /opt/airflow/dags/ingest_data_dag.py
[2023-06-27T09:31:14.109+0000] {processor.py:826} INFO - Processing file /opt/airflow/dags/ingest_data_dag.py for tasks to queue
[2023-06-27T09:31:14.121+0000] {logging_mixin.py:149} INFO - [2023-06-27T09:31:14.121+0000] {dagbag.py:541} INFO - Filling up the DagBag from /opt/airflow/dags/ingest_data_dag.py
[2023-06-27T09:31:14.209+0000] {processor.py:836} INFO - DAG(s) dict_keys(['ingest_data_dag']) retrieved from /opt/airflow/dags/ingest_data_dag.py
[2023-06-27T09:31:14.300+0000] {logging_mixin.py:149} INFO - [2023-06-27T09:31:14.299+0000] {dag.py:2726} INFO - Sync 1 DAGs
[2023-06-27T09:31:14.358+0000] {logging_mixin.py:149} INFO - [2023-06-27T09:31:14.357+0000] {dag.py:3490} INFO - Setting next_dagrun for ingest_data_dag to 2023-06-27T00:00:00+00:00, run_after=2023-06-28T00:00:00+00:00
[2023-06-27T09:31:14.429+0000] {processor.py:179} INFO - Processing /opt/airflow/dags/ingest_data_dag.py took 0.343 seconds
[2023-06-27T09:31:44.575+0000] {processor.py:157} INFO - Started process (PID=204) to work on /opt/airflow/dags/ingest_data_dag.py
[2023-06-27T09:31:44.580+0000] {processor.py:826} INFO - Processing file /opt/airflow/dags/ingest_data_dag.py for tasks to queue
[2023-06-27T09:31:44.590+0000] {logging_mixin.py:149} INFO - [2023-06-27T09:31:44.589+0000] {dagbag.py:541} INFO - Filling up the DagBag from /opt/airflow/dags/ingest_data_dag.py
[2023-06-27T09:31:44.647+0000] {processor.py:836} INFO - DAG(s) dict_keys(['ingest_data_dag']) retrieved from /opt/airflow/dags/ingest_data_dag.py
[2023-06-27T09:31:44.728+0000] {logging_mixin.py:149} INFO - [2023-06-27T09:31:44.728+0000] {dag.py:2726} INFO - Sync 1 DAGs
[2023-06-27T09:31:44.826+0000] {logging_mixin.py:149} INFO - [2023-06-27T09:31:44.825+0000] {dag.py:3490} INFO - Setting next_dagrun for ingest_data_dag to 2023-06-27T00:00:00+00:00, run_after=2023-06-28T00:00:00+00:00
[2023-06-27T09:31:44.913+0000] {processor.py:179} INFO - Processing /opt/airflow/dags/ingest_data_dag.py took 0.349 seconds
[2023-06-27T09:32:15.019+0000] {processor.py:157} INFO - Started process (PID=214) to work on /opt/airflow/dags/ingest_data_dag.py
[2023-06-27T09:32:15.026+0000] {processor.py:826} INFO - Processing file /opt/airflow/dags/ingest_data_dag.py for tasks to queue
[2023-06-27T09:32:15.035+0000] {logging_mixin.py:149} INFO - [2023-06-27T09:32:15.034+0000] {dagbag.py:541} INFO - Filling up the DagBag from /opt/airflow/dags/ingest_data_dag.py
[2023-06-27T09:32:15.099+0000] {processor.py:836} INFO - DAG(s) dict_keys(['ingest_data_dag']) retrieved from /opt/airflow/dags/ingest_data_dag.py
[2023-06-27T09:32:15.199+0000] {logging_mixin.py:149} INFO - [2023-06-27T09:32:15.198+0000] {dag.py:2726} INFO - Sync 1 DAGs
[2023-06-27T09:32:15.300+0000] {logging_mixin.py:149} INFO - [2023-06-27T09:32:15.299+0000] {dag.py:3490} INFO - Setting next_dagrun for ingest_data_dag to 2023-06-27T00:00:00+00:00, run_after=2023-06-28T00:00:00+00:00
[2023-06-27T09:32:15.368+0000] {processor.py:179} INFO - Processing /opt/airflow/dags/ingest_data_dag.py took 0.364 seconds
[2023-06-27T09:52:38.938+0000] {processor.py:157} INFO - Started process (PID=43) to work on /opt/airflow/dags/ingest_data_dag.py
[2023-06-27T09:52:38.946+0000] {processor.py:826} INFO - Processing file /opt/airflow/dags/ingest_data_dag.py for tasks to queue
[2023-06-27T09:52:38.973+0000] {logging_mixin.py:149} INFO - [2023-06-27T09:52:38.972+0000] {dagbag.py:541} INFO - Filling up the DagBag from /opt/airflow/dags/ingest_data_dag.py
[2023-06-27T09:52:39.140+0000] {processor.py:836} INFO - DAG(s) dict_keys(['ingest_data_dag']) retrieved from /opt/airflow/dags/ingest_data_dag.py
[2023-06-27T09:52:39.542+0000] {logging_mixin.py:149} INFO - [2023-06-27T09:52:39.541+0000] {dag.py:2726} INFO - Sync 1 DAGs
[2023-06-27T09:52:39.645+0000] {logging_mixin.py:149} INFO - [2023-06-27T09:52:39.644+0000] {dag.py:3490} INFO - Setting next_dagrun for ingest_data_dag to 2023-06-27T00:00:00+00:00, run_after=2023-06-28T00:00:00+00:00
[2023-06-27T09:52:39.795+0000] {processor.py:179} INFO - Processing /opt/airflow/dags/ingest_data_dag.py took 0.881 seconds
[2023-06-27T09:53:10.120+0000] {processor.py:157} INFO - Started process (PID=55) to work on /opt/airflow/dags/ingest_data_dag.py
[2023-06-27T09:53:10.123+0000] {processor.py:826} INFO - Processing file /opt/airflow/dags/ingest_data_dag.py for tasks to queue
[2023-06-27T09:53:10.127+0000] {logging_mixin.py:149} INFO - [2023-06-27T09:53:10.127+0000] {dagbag.py:541} INFO - Filling up the DagBag from /opt/airflow/dags/ingest_data_dag.py
[2023-06-27T09:53:10.161+0000] {processor.py:836} INFO - DAG(s) dict_keys(['ingest_data_dag']) retrieved from /opt/airflow/dags/ingest_data_dag.py
[2023-06-27T09:53:10.218+0000] {logging_mixin.py:149} INFO - [2023-06-27T09:53:10.218+0000] {dag.py:2726} INFO - Sync 1 DAGs
[2023-06-27T09:53:10.269+0000] {logging_mixin.py:149} INFO - [2023-06-27T09:53:10.268+0000] {dag.py:3490} INFO - Setting next_dagrun for ingest_data_dag to 2023-06-27T00:00:00+00:00, run_after=2023-06-28T00:00:00+00:00
[2023-06-27T09:53:10.305+0000] {processor.py:179} INFO - Processing /opt/airflow/dags/ingest_data_dag.py took 0.192 seconds
[2023-06-27T09:53:40.515+0000] {processor.py:157} INFO - Started process (PID=68) to work on /opt/airflow/dags/ingest_data_dag.py
[2023-06-27T09:53:40.523+0000] {processor.py:826} INFO - Processing file /opt/airflow/dags/ingest_data_dag.py for tasks to queue
[2023-06-27T09:53:40.556+0000] {logging_mixin.py:149} INFO - [2023-06-27T09:53:40.555+0000] {dagbag.py:541} INFO - Filling up the DagBag from /opt/airflow/dags/ingest_data_dag.py
[2023-06-27T09:53:40.648+0000] {processor.py:836} INFO - DAG(s) dict_keys(['ingest_data_dag']) retrieved from /opt/airflow/dags/ingest_data_dag.py
[2023-06-27T09:53:40.876+0000] {logging_mixin.py:149} INFO - [2023-06-27T09:53:40.875+0000] {dag.py:2726} INFO - Sync 1 DAGs
[2023-06-27T09:53:41.341+0000] {processor.py:179} INFO - Processing /opt/airflow/dags/ingest_data_dag.py took 0.865 seconds
[2023-06-27T09:54:11.876+0000] {processor.py:157} INFO - Started process (PID=90) to work on /opt/airflow/dags/ingest_data_dag.py
[2023-06-27T09:54:11.881+0000] {processor.py:826} INFO - Processing file /opt/airflow/dags/ingest_data_dag.py for tasks to queue
[2023-06-27T09:54:11.892+0000] {logging_mixin.py:149} INFO - [2023-06-27T09:54:11.891+0000] {dagbag.py:541} INFO - Filling up the DagBag from /opt/airflow/dags/ingest_data_dag.py
[2023-06-27T09:54:11.970+0000] {processor.py:836} INFO - DAG(s) dict_keys(['ingest_data_dag']) retrieved from /opt/airflow/dags/ingest_data_dag.py
[2023-06-27T09:54:12.045+0000] {logging_mixin.py:149} INFO - [2023-06-27T09:54:12.045+0000] {dag.py:2726} INFO - Sync 1 DAGs
[2023-06-27T09:54:12.140+0000] {logging_mixin.py:149} INFO - [2023-06-27T09:54:12.139+0000] {dag.py:3490} INFO - Setting next_dagrun for ingest_data_dag to 2023-06-27T00:00:00+00:00, run_after=2023-06-28T00:00:00+00:00
[2023-06-27T09:54:12.204+0000] {processor.py:179} INFO - Processing /opt/airflow/dags/ingest_data_dag.py took 0.343 seconds
[2023-06-27T09:54:42.548+0000] {processor.py:157} INFO - Started process (PID=99) to work on /opt/airflow/dags/ingest_data_dag.py
[2023-06-27T09:54:42.553+0000] {processor.py:826} INFO - Processing file /opt/airflow/dags/ingest_data_dag.py for tasks to queue
[2023-06-27T09:54:42.561+0000] {logging_mixin.py:149} INFO - [2023-06-27T09:54:42.561+0000] {dagbag.py:541} INFO - Filling up the DagBag from /opt/airflow/dags/ingest_data_dag.py
[2023-06-27T09:54:42.614+0000] {processor.py:836} INFO - DAG(s) dict_keys(['ingest_data_dag']) retrieved from /opt/airflow/dags/ingest_data_dag.py
[2023-06-27T09:54:42.692+0000] {logging_mixin.py:149} INFO - [2023-06-27T09:54:42.691+0000] {dag.py:2726} INFO - Sync 1 DAGs
[2023-06-27T09:54:42.755+0000] {logging_mixin.py:149} INFO - [2023-06-27T09:54:42.755+0000] {dag.py:3490} INFO - Setting next_dagrun for ingest_data_dag to 2023-06-27T00:00:00+00:00, run_after=2023-06-28T00:00:00+00:00
[2023-06-27T09:54:42.818+0000] {processor.py:179} INFO - Processing /opt/airflow/dags/ingest_data_dag.py took 0.283 seconds
[2023-06-27T09:55:13.064+0000] {processor.py:157} INFO - Started process (PID=108) to work on /opt/airflow/dags/ingest_data_dag.py
[2023-06-27T09:55:13.067+0000] {processor.py:826} INFO - Processing file /opt/airflow/dags/ingest_data_dag.py for tasks to queue
[2023-06-27T09:55:13.073+0000] {logging_mixin.py:149} INFO - [2023-06-27T09:55:13.072+0000] {dagbag.py:541} INFO - Filling up the DagBag from /opt/airflow/dags/ingest_data_dag.py
[2023-06-27T09:55:13.115+0000] {processor.py:836} INFO - DAG(s) dict_keys(['ingest_data_dag']) retrieved from /opt/airflow/dags/ingest_data_dag.py
[2023-06-27T09:55:13.171+0000] {logging_mixin.py:149} INFO - [2023-06-27T09:55:13.171+0000] {dag.py:2726} INFO - Sync 1 DAGs
[2023-06-27T09:55:13.225+0000] {logging_mixin.py:149} INFO - [2023-06-27T09:55:13.225+0000] {dag.py:3490} INFO - Setting next_dagrun for ingest_data_dag to 2023-06-27T00:00:00+00:00, run_after=2023-06-28T00:00:00+00:00
[2023-06-27T09:55:13.268+0000] {processor.py:179} INFO - Processing /opt/airflow/dags/ingest_data_dag.py took 0.213 seconds
[2023-06-27T09:55:43.497+0000] {processor.py:157} INFO - Started process (PID=117) to work on /opt/airflow/dags/ingest_data_dag.py
[2023-06-27T09:55:43.499+0000] {processor.py:826} INFO - Processing file /opt/airflow/dags/ingest_data_dag.py for tasks to queue
[2023-06-27T09:55:43.505+0000] {logging_mixin.py:149} INFO - [2023-06-27T09:55:43.504+0000] {dagbag.py:541} INFO - Filling up the DagBag from /opt/airflow/dags/ingest_data_dag.py
[2023-06-27T09:55:43.540+0000] {processor.py:836} INFO - DAG(s) dict_keys(['ingest_data_dag']) retrieved from /opt/airflow/dags/ingest_data_dag.py
[2023-06-27T09:55:43.590+0000] {logging_mixin.py:149} INFO - [2023-06-27T09:55:43.590+0000] {dag.py:2726} INFO - Sync 1 DAGs
[2023-06-27T09:55:43.643+0000] {logging_mixin.py:149} INFO - [2023-06-27T09:55:43.642+0000] {dag.py:3490} INFO - Setting next_dagrun for ingest_data_dag to 2023-06-27T00:00:00+00:00, run_after=2023-06-28T00:00:00+00:00
[2023-06-27T09:55:43.683+0000] {processor.py:179} INFO - Processing /opt/airflow/dags/ingest_data_dag.py took 0.193 seconds
[2023-06-27T09:56:13.896+0000] {processor.py:157} INFO - Started process (PID=125) to work on /opt/airflow/dags/ingest_data_dag.py
[2023-06-27T09:56:13.898+0000] {processor.py:826} INFO - Processing file /opt/airflow/dags/ingest_data_dag.py for tasks to queue
[2023-06-27T09:56:13.903+0000] {logging_mixin.py:149} INFO - [2023-06-27T09:56:13.903+0000] {dagbag.py:541} INFO - Filling up the DagBag from /opt/airflow/dags/ingest_data_dag.py
[2023-06-27T09:56:13.946+0000] {processor.py:836} INFO - DAG(s) dict_keys(['ingest_data_dag']) retrieved from /opt/airflow/dags/ingest_data_dag.py
[2023-06-27T09:56:14.004+0000] {logging_mixin.py:149} INFO - [2023-06-27T09:56:14.003+0000] {dag.py:2726} INFO - Sync 1 DAGs
[2023-06-27T09:56:14.065+0000] {logging_mixin.py:149} INFO - [2023-06-27T09:56:14.065+0000] {dag.py:3490} INFO - Setting next_dagrun for ingest_data_dag to 2023-06-27T00:00:00+00:00, run_after=2023-06-28T00:00:00+00:00
[2023-06-27T09:56:14.107+0000] {processor.py:179} INFO - Processing /opt/airflow/dags/ingest_data_dag.py took 0.219 seconds
[2023-06-27T09:56:44.327+0000] {processor.py:157} INFO - Started process (PID=135) to work on /opt/airflow/dags/ingest_data_dag.py
[2023-06-27T09:56:44.330+0000] {processor.py:826} INFO - Processing file /opt/airflow/dags/ingest_data_dag.py for tasks to queue
[2023-06-27T09:56:44.335+0000] {logging_mixin.py:149} INFO - [2023-06-27T09:56:44.334+0000] {dagbag.py:541} INFO - Filling up the DagBag from /opt/airflow/dags/ingest_data_dag.py
[2023-06-27T09:56:44.388+0000] {processor.py:836} INFO - DAG(s) dict_keys(['ingest_data_dag']) retrieved from /opt/airflow/dags/ingest_data_dag.py
[2023-06-27T09:56:44.448+0000] {logging_mixin.py:149} INFO - [2023-06-27T09:56:44.447+0000] {dag.py:2726} INFO - Sync 1 DAGs
[2023-06-27T09:56:44.504+0000] {logging_mixin.py:149} INFO - [2023-06-27T09:56:44.504+0000] {dag.py:3490} INFO - Setting next_dagrun for ingest_data_dag to 2023-06-27T00:00:00+00:00, run_after=2023-06-28T00:00:00+00:00
[2023-06-27T09:56:44.543+0000] {processor.py:179} INFO - Processing /opt/airflow/dags/ingest_data_dag.py took 0.222 seconds
[2023-06-27T09:57:14.761+0000] {processor.py:157} INFO - Started process (PID=144) to work on /opt/airflow/dags/ingest_data_dag.py
[2023-06-27T09:57:14.765+0000] {processor.py:826} INFO - Processing file /opt/airflow/dags/ingest_data_dag.py for tasks to queue
[2023-06-27T09:57:14.772+0000] {logging_mixin.py:149} INFO - [2023-06-27T09:57:14.771+0000] {dagbag.py:541} INFO - Filling up the DagBag from /opt/airflow/dags/ingest_data_dag.py
[2023-06-27T09:57:14.826+0000] {processor.py:836} INFO - DAG(s) dict_keys(['ingest_data_dag']) retrieved from /opt/airflow/dags/ingest_data_dag.py
[2023-06-27T09:57:14.905+0000] {logging_mixin.py:149} INFO - [2023-06-27T09:57:14.904+0000] {dag.py:2726} INFO - Sync 1 DAGs
[2023-06-27T09:57:14.982+0000] {logging_mixin.py:149} INFO - [2023-06-27T09:57:14.981+0000] {dag.py:3490} INFO - Setting next_dagrun for ingest_data_dag to 2023-06-27T00:00:00+00:00, run_after=2023-06-28T00:00:00+00:00
[2023-06-27T09:57:15.034+0000] {processor.py:179} INFO - Processing /opt/airflow/dags/ingest_data_dag.py took 0.282 seconds
[2023-06-27T09:57:45.309+0000] {processor.py:157} INFO - Started process (PID=153) to work on /opt/airflow/dags/ingest_data_dag.py
[2023-06-27T09:57:45.312+0000] {processor.py:826} INFO - Processing file /opt/airflow/dags/ingest_data_dag.py for tasks to queue
[2023-06-27T09:57:45.321+0000] {logging_mixin.py:149} INFO - [2023-06-27T09:57:45.320+0000] {dagbag.py:541} INFO - Filling up the DagBag from /opt/airflow/dags/ingest_data_dag.py
[2023-06-27T09:57:45.363+0000] {processor.py:836} INFO - DAG(s) dict_keys(['ingest_data_dag']) retrieved from /opt/airflow/dags/ingest_data_dag.py
[2023-06-27T09:57:45.423+0000] {logging_mixin.py:149} INFO - [2023-06-27T09:57:45.423+0000] {dag.py:2726} INFO - Sync 1 DAGs
[2023-06-27T09:57:45.478+0000] {logging_mixin.py:149} INFO - [2023-06-27T09:57:45.477+0000] {dag.py:3490} INFO - Setting next_dagrun for ingest_data_dag to 2023-06-27T00:00:00+00:00, run_after=2023-06-28T00:00:00+00:00
[2023-06-27T09:57:45.524+0000] {processor.py:179} INFO - Processing /opt/airflow/dags/ingest_data_dag.py took 0.223 seconds
[2023-06-27T09:58:15.842+0000] {processor.py:157} INFO - Started process (PID=162) to work on /opt/airflow/dags/ingest_data_dag.py
[2023-06-27T09:58:15.846+0000] {processor.py:826} INFO - Processing file /opt/airflow/dags/ingest_data_dag.py for tasks to queue
[2023-06-27T09:58:15.856+0000] {logging_mixin.py:149} INFO - [2023-06-27T09:58:15.854+0000] {dagbag.py:541} INFO - Filling up the DagBag from /opt/airflow/dags/ingest_data_dag.py
[2023-06-27T09:58:15.944+0000] {processor.py:836} INFO - DAG(s) dict_keys(['ingest_data_dag']) retrieved from /opt/airflow/dags/ingest_data_dag.py
[2023-06-27T09:58:16.042+0000] {logging_mixin.py:149} INFO - [2023-06-27T09:58:16.042+0000] {dag.py:2726} INFO - Sync 1 DAGs
[2023-06-27T09:58:16.188+0000] {logging_mixin.py:149} INFO - [2023-06-27T09:58:16.188+0000] {dag.py:3490} INFO - Setting next_dagrun for ingest_data_dag to 2023-06-27T00:00:00+00:00, run_after=2023-06-28T00:00:00+00:00
[2023-06-27T09:58:16.269+0000] {processor.py:179} INFO - Processing /opt/airflow/dags/ingest_data_dag.py took 0.441 seconds
[2023-06-27T09:58:46.658+0000] {processor.py:157} INFO - Started process (PID=172) to work on /opt/airflow/dags/ingest_data_dag.py
[2023-06-27T09:58:46.663+0000] {processor.py:826} INFO - Processing file /opt/airflow/dags/ingest_data_dag.py for tasks to queue
[2023-06-27T09:58:46.671+0000] {logging_mixin.py:149} INFO - [2023-06-27T09:58:46.671+0000] {dagbag.py:541} INFO - Filling up the DagBag from /opt/airflow/dags/ingest_data_dag.py
[2023-06-27T09:58:46.830+0000] {processor.py:836} INFO - DAG(s) dict_keys(['ingest_data_dag']) retrieved from /opt/airflow/dags/ingest_data_dag.py
[2023-06-27T09:58:47.022+0000] {logging_mixin.py:149} INFO - [2023-06-27T09:58:47.022+0000] {dag.py:2726} INFO - Sync 1 DAGs
[2023-06-27T09:58:47.193+0000] {logging_mixin.py:149} INFO - [2023-06-27T09:58:47.193+0000] {dag.py:3490} INFO - Setting next_dagrun for ingest_data_dag to 2023-06-27T00:00:00+00:00, run_after=2023-06-28T00:00:00+00:00
[2023-06-27T09:58:47.298+0000] {processor.py:179} INFO - Processing /opt/airflow/dags/ingest_data_dag.py took 0.663 seconds
[2023-06-27T09:59:17.586+0000] {processor.py:157} INFO - Started process (PID=181) to work on /opt/airflow/dags/ingest_data_dag.py
[2023-06-27T09:59:17.589+0000] {processor.py:826} INFO - Processing file /opt/airflow/dags/ingest_data_dag.py for tasks to queue
[2023-06-27T09:59:17.597+0000] {logging_mixin.py:149} INFO - [2023-06-27T09:59:17.596+0000] {dagbag.py:541} INFO - Filling up the DagBag from /opt/airflow/dags/ingest_data_dag.py
[2023-06-27T09:59:17.651+0000] {processor.py:836} INFO - DAG(s) dict_keys(['ingest_data_dag']) retrieved from /opt/airflow/dags/ingest_data_dag.py
[2023-06-27T09:59:17.737+0000] {logging_mixin.py:149} INFO - [2023-06-27T09:59:17.737+0000] {dag.py:2726} INFO - Sync 1 DAGs
[2023-06-27T09:59:17.829+0000] {logging_mixin.py:149} INFO - [2023-06-27T09:59:17.828+0000] {dag.py:3490} INFO - Setting next_dagrun for ingest_data_dag to 2023-06-27T00:00:00+00:00, run_after=2023-06-28T00:00:00+00:00
[2023-06-27T09:59:17.886+0000] {processor.py:179} INFO - Processing /opt/airflow/dags/ingest_data_dag.py took 0.311 seconds
[2023-06-27T09:59:48.187+0000] {processor.py:157} INFO - Started process (PID=189) to work on /opt/airflow/dags/ingest_data_dag.py
[2023-06-27T09:59:48.195+0000] {processor.py:826} INFO - Processing file /opt/airflow/dags/ingest_data_dag.py for tasks to queue
[2023-06-27T09:59:48.202+0000] {logging_mixin.py:149} INFO - [2023-06-27T09:59:48.202+0000] {dagbag.py:541} INFO - Filling up the DagBag from /opt/airflow/dags/ingest_data_dag.py
[2023-06-27T09:59:48.267+0000] {processor.py:836} INFO - DAG(s) dict_keys(['ingest_data_dag']) retrieved from /opt/airflow/dags/ingest_data_dag.py
[2023-06-27T09:59:48.377+0000] {logging_mixin.py:149} INFO - [2023-06-27T09:59:48.376+0000] {dag.py:2726} INFO - Sync 1 DAGs
[2023-06-27T09:59:48.454+0000] {logging_mixin.py:149} INFO - [2023-06-27T09:59:48.454+0000] {dag.py:3490} INFO - Setting next_dagrun for ingest_data_dag to 2023-06-27T00:00:00+00:00, run_after=2023-06-28T00:00:00+00:00
[2023-06-27T09:59:48.513+0000] {processor.py:179} INFO - Processing /opt/airflow/dags/ingest_data_dag.py took 0.342 seconds
[2023-06-27T10:00:18.824+0000] {processor.py:157} INFO - Started process (PID=198) to work on /opt/airflow/dags/ingest_data_dag.py
[2023-06-27T10:00:18.828+0000] {processor.py:826} INFO - Processing file /opt/airflow/dags/ingest_data_dag.py for tasks to queue
[2023-06-27T10:00:18.833+0000] {logging_mixin.py:149} INFO - [2023-06-27T10:00:18.833+0000] {dagbag.py:541} INFO - Filling up the DagBag from /opt/airflow/dags/ingest_data_dag.py
[2023-06-27T10:00:18.876+0000] {processor.py:836} INFO - DAG(s) dict_keys(['ingest_data_dag']) retrieved from /opt/airflow/dags/ingest_data_dag.py
[2023-06-27T10:00:18.951+0000] {logging_mixin.py:149} INFO - [2023-06-27T10:00:18.950+0000] {dag.py:2726} INFO - Sync 1 DAGs
[2023-06-27T10:00:19.032+0000] {logging_mixin.py:149} INFO - [2023-06-27T10:00:19.032+0000] {dag.py:3490} INFO - Setting next_dagrun for ingest_data_dag to 2023-06-27T00:00:00+00:00, run_after=2023-06-28T00:00:00+00:00
[2023-06-27T10:00:19.084+0000] {processor.py:179} INFO - Processing /opt/airflow/dags/ingest_data_dag.py took 0.269 seconds
[2023-06-27T10:00:49.401+0000] {processor.py:157} INFO - Started process (PID=207) to work on /opt/airflow/dags/ingest_data_dag.py
[2023-06-27T10:00:49.407+0000] {processor.py:826} INFO - Processing file /opt/airflow/dags/ingest_data_dag.py for tasks to queue
[2023-06-27T10:00:49.423+0000] {logging_mixin.py:149} INFO - [2023-06-27T10:00:49.422+0000] {dagbag.py:541} INFO - Filling up the DagBag from /opt/airflow/dags/ingest_data_dag.py
[2023-06-27T10:00:49.499+0000] {processor.py:836} INFO - DAG(s) dict_keys(['ingest_data_dag']) retrieved from /opt/airflow/dags/ingest_data_dag.py
[2023-06-27T10:00:49.633+0000] {logging_mixin.py:149} INFO - [2023-06-27T10:00:49.633+0000] {dag.py:2726} INFO - Sync 1 DAGs
[2023-06-27T10:00:49.826+0000] {logging_mixin.py:149} INFO - [2023-06-27T10:00:49.814+0000] {dag.py:3490} INFO - Setting next_dagrun for ingest_data_dag to 2023-06-27T00:00:00+00:00, run_after=2023-06-28T00:00:00+00:00
[2023-06-27T10:00:49.924+0000] {processor.py:179} INFO - Processing /opt/airflow/dags/ingest_data_dag.py took 0.541 seconds
[2023-06-27T10:01:20.340+0000] {processor.py:157} INFO - Started process (PID=216) to work on /opt/airflow/dags/ingest_data_dag.py
[2023-06-27T10:01:20.371+0000] {processor.py:826} INFO - Processing file /opt/airflow/dags/ingest_data_dag.py for tasks to queue
[2023-06-27T10:01:20.381+0000] {logging_mixin.py:149} INFO - [2023-06-27T10:01:20.381+0000] {dagbag.py:541} INFO - Filling up the DagBag from /opt/airflow/dags/ingest_data_dag.py
[2023-06-27T10:01:20.515+0000] {processor.py:836} INFO - DAG(s) dict_keys(['ingest_data_dag']) retrieved from /opt/airflow/dags/ingest_data_dag.py
[2023-06-27T10:01:20.700+0000] {logging_mixin.py:149} INFO - [2023-06-27T10:01:20.700+0000] {dag.py:2726} INFO - Sync 1 DAGs
[2023-06-27T10:01:20.817+0000] {logging_mixin.py:149} INFO - [2023-06-27T10:01:20.816+0000] {dag.py:3490} INFO - Setting next_dagrun for ingest_data_dag to 2023-06-27T00:00:00+00:00, run_after=2023-06-28T00:00:00+00:00
[2023-06-27T10:01:20.880+0000] {processor.py:179} INFO - Processing /opt/airflow/dags/ingest_data_dag.py took 0.564 seconds
[2023-06-27T10:01:51.172+0000] {processor.py:157} INFO - Started process (PID=225) to work on /opt/airflow/dags/ingest_data_dag.py
[2023-06-27T10:01:51.176+0000] {processor.py:826} INFO - Processing file /opt/airflow/dags/ingest_data_dag.py for tasks to queue
[2023-06-27T10:01:51.185+0000] {logging_mixin.py:149} INFO - [2023-06-27T10:01:51.184+0000] {dagbag.py:541} INFO - Filling up the DagBag from /opt/airflow/dags/ingest_data_dag.py
[2023-06-27T10:01:51.245+0000] {processor.py:836} INFO - DAG(s) dict_keys(['ingest_data_dag']) retrieved from /opt/airflow/dags/ingest_data_dag.py
[2023-06-27T10:01:51.312+0000] {logging_mixin.py:149} INFO - [2023-06-27T10:01:51.312+0000] {dag.py:2726} INFO - Sync 1 DAGs
[2023-06-27T10:01:51.376+0000] {logging_mixin.py:149} INFO - [2023-06-27T10:01:51.376+0000] {dag.py:3490} INFO - Setting next_dagrun for ingest_data_dag to 2023-06-27T00:00:00+00:00, run_after=2023-06-28T00:00:00+00:00
[2023-06-27T10:01:51.428+0000] {processor.py:179} INFO - Processing /opt/airflow/dags/ingest_data_dag.py took 0.268 seconds
[2023-06-27T10:02:21.709+0000] {processor.py:157} INFO - Started process (PID=234) to work on /opt/airflow/dags/ingest_data_dag.py
[2023-06-27T10:02:21.711+0000] {processor.py:826} INFO - Processing file /opt/airflow/dags/ingest_data_dag.py for tasks to queue
[2023-06-27T10:02:21.722+0000] {logging_mixin.py:149} INFO - [2023-06-27T10:02:21.721+0000] {dagbag.py:541} INFO - Filling up the DagBag from /opt/airflow/dags/ingest_data_dag.py
[2023-06-27T10:02:21.784+0000] {processor.py:836} INFO - DAG(s) dict_keys(['ingest_data_dag']) retrieved from /opt/airflow/dags/ingest_data_dag.py
[2023-06-27T10:02:21.943+0000] {logging_mixin.py:149} INFO - [2023-06-27T10:02:21.943+0000] {dag.py:2726} INFO - Sync 1 DAGs
[2023-06-27T10:02:22.087+0000] {logging_mixin.py:149} INFO - [2023-06-27T10:02:22.086+0000] {dag.py:3490} INFO - Setting next_dagrun for ingest_data_dag to 2023-06-27T00:00:00+00:00, run_after=2023-06-28T00:00:00+00:00
[2023-06-27T10:02:22.142+0000] {processor.py:179} INFO - Processing /opt/airflow/dags/ingest_data_dag.py took 0.441 seconds
[2023-06-27T10:02:52.676+0000] {processor.py:157} INFO - Started process (PID=244) to work on /opt/airflow/dags/ingest_data_dag.py
[2023-06-27T10:02:52.683+0000] {processor.py:826} INFO - Processing file /opt/airflow/dags/ingest_data_dag.py for tasks to queue
[2023-06-27T10:02:52.698+0000] {logging_mixin.py:149} INFO - [2023-06-27T10:02:52.693+0000] {dagbag.py:541} INFO - Filling up the DagBag from /opt/airflow/dags/ingest_data_dag.py
[2023-06-27T10:02:52.845+0000] {processor.py:836} INFO - DAG(s) dict_keys(['ingest_data_dag']) retrieved from /opt/airflow/dags/ingest_data_dag.py
[2023-06-27T10:02:53.061+0000] {logging_mixin.py:149} INFO - [2023-06-27T10:02:53.061+0000] {dag.py:2726} INFO - Sync 1 DAGs
[2023-06-27T10:02:53.193+0000] {logging_mixin.py:149} INFO - [2023-06-27T10:02:53.192+0000] {dag.py:3490} INFO - Setting next_dagrun for ingest_data_dag to 2023-06-27T00:00:00+00:00, run_after=2023-06-28T00:00:00+00:00
[2023-06-27T10:02:53.264+0000] {processor.py:179} INFO - Processing /opt/airflow/dags/ingest_data_dag.py took 0.604 seconds
[2023-06-27T10:03:23.550+0000] {processor.py:157} INFO - Started process (PID=253) to work on /opt/airflow/dags/ingest_data_dag.py
[2023-06-27T10:03:23.554+0000] {processor.py:826} INFO - Processing file /opt/airflow/dags/ingest_data_dag.py for tasks to queue
[2023-06-27T10:03:23.561+0000] {logging_mixin.py:149} INFO - [2023-06-27T10:03:23.560+0000] {dagbag.py:541} INFO - Filling up the DagBag from /opt/airflow/dags/ingest_data_dag.py
[2023-06-27T10:03:23.611+0000] {processor.py:836} INFO - DAG(s) dict_keys(['ingest_data_dag']) retrieved from /opt/airflow/dags/ingest_data_dag.py
[2023-06-27T10:03:23.684+0000] {logging_mixin.py:149} INFO - [2023-06-27T10:03:23.683+0000] {dag.py:2726} INFO - Sync 1 DAGs
[2023-06-27T10:03:23.756+0000] {logging_mixin.py:149} INFO - [2023-06-27T10:03:23.755+0000] {dag.py:3490} INFO - Setting next_dagrun for ingest_data_dag to 2023-06-27T00:00:00+00:00, run_after=2023-06-28T00:00:00+00:00
[2023-06-27T10:03:23.815+0000] {processor.py:179} INFO - Processing /opt/airflow/dags/ingest_data_dag.py took 0.275 seconds
[2023-06-27T10:03:54.141+0000] {processor.py:157} INFO - Started process (PID=261) to work on /opt/airflow/dags/ingest_data_dag.py
[2023-06-27T10:03:54.145+0000] {processor.py:826} INFO - Processing file /opt/airflow/dags/ingest_data_dag.py for tasks to queue
[2023-06-27T10:03:54.151+0000] {logging_mixin.py:149} INFO - [2023-06-27T10:03:54.150+0000] {dagbag.py:541} INFO - Filling up the DagBag from /opt/airflow/dags/ingest_data_dag.py
[2023-06-27T10:03:54.193+0000] {processor.py:836} INFO - DAG(s) dict_keys(['ingest_data_dag']) retrieved from /opt/airflow/dags/ingest_data_dag.py
[2023-06-27T10:03:54.255+0000] {logging_mixin.py:149} INFO - [2023-06-27T10:03:54.254+0000] {dag.py:2726} INFO - Sync 1 DAGs
[2023-06-27T10:03:54.319+0000] {logging_mixin.py:149} INFO - [2023-06-27T10:03:54.318+0000] {dag.py:3490} INFO - Setting next_dagrun for ingest_data_dag to 2023-06-27T00:00:00+00:00, run_after=2023-06-28T00:00:00+00:00
[2023-06-27T10:03:54.370+0000] {processor.py:179} INFO - Processing /opt/airflow/dags/ingest_data_dag.py took 0.238 seconds
[2023-06-27T10:04:24.638+0000] {processor.py:157} INFO - Started process (PID=270) to work on /opt/airflow/dags/ingest_data_dag.py
[2023-06-27T10:04:24.644+0000] {processor.py:826} INFO - Processing file /opt/airflow/dags/ingest_data_dag.py for tasks to queue
[2023-06-27T10:04:24.651+0000] {logging_mixin.py:149} INFO - [2023-06-27T10:04:24.650+0000] {dagbag.py:541} INFO - Filling up the DagBag from /opt/airflow/dags/ingest_data_dag.py
[2023-06-27T10:04:24.709+0000] {processor.py:836} INFO - DAG(s) dict_keys(['ingest_data_dag']) retrieved from /opt/airflow/dags/ingest_data_dag.py
[2023-06-27T10:04:24.809+0000] {logging_mixin.py:149} INFO - [2023-06-27T10:04:24.808+0000] {dag.py:2726} INFO - Sync 1 DAGs
[2023-06-27T10:04:24.893+0000] {logging_mixin.py:149} INFO - [2023-06-27T10:04:24.893+0000] {dag.py:3490} INFO - Setting next_dagrun for ingest_data_dag to 2023-06-27T00:00:00+00:00, run_after=2023-06-28T00:00:00+00:00
[2023-06-27T10:04:24.948+0000] {processor.py:179} INFO - Processing /opt/airflow/dags/ingest_data_dag.py took 0.319 seconds
[2023-06-27T10:04:55.254+0000] {processor.py:157} INFO - Started process (PID=279) to work on /opt/airflow/dags/ingest_data_dag.py
[2023-06-27T10:04:55.257+0000] {processor.py:826} INFO - Processing file /opt/airflow/dags/ingest_data_dag.py for tasks to queue
[2023-06-27T10:04:55.266+0000] {logging_mixin.py:149} INFO - [2023-06-27T10:04:55.265+0000] {dagbag.py:541} INFO - Filling up the DagBag from /opt/airflow/dags/ingest_data_dag.py
[2023-06-27T10:04:55.326+0000] {processor.py:836} INFO - DAG(s) dict_keys(['ingest_data_dag']) retrieved from /opt/airflow/dags/ingest_data_dag.py
[2023-06-27T10:04:55.406+0000] {logging_mixin.py:149} INFO - [2023-06-27T10:04:55.406+0000] {dag.py:2726} INFO - Sync 1 DAGs
[2023-06-27T10:04:55.492+0000] {logging_mixin.py:149} INFO - [2023-06-27T10:04:55.492+0000] {dag.py:3490} INFO - Setting next_dagrun for ingest_data_dag to 2023-06-27T00:00:00+00:00, run_after=2023-06-28T00:00:00+00:00
[2023-06-27T10:04:55.548+0000] {processor.py:179} INFO - Processing /opt/airflow/dags/ingest_data_dag.py took 0.305 seconds
[2023-06-27T10:05:25.787+0000] {processor.py:157} INFO - Started process (PID=288) to work on /opt/airflow/dags/ingest_data_dag.py
[2023-06-27T10:05:25.790+0000] {processor.py:826} INFO - Processing file /opt/airflow/dags/ingest_data_dag.py for tasks to queue
[2023-06-27T10:05:25.796+0000] {logging_mixin.py:149} INFO - [2023-06-27T10:05:25.796+0000] {dagbag.py:541} INFO - Filling up the DagBag from /opt/airflow/dags/ingest_data_dag.py
[2023-06-27T10:05:25.841+0000] {processor.py:836} INFO - DAG(s) dict_keys(['ingest_data_dag']) retrieved from /opt/airflow/dags/ingest_data_dag.py
[2023-06-27T10:05:25.905+0000] {logging_mixin.py:149} INFO - [2023-06-27T10:05:25.904+0000] {dag.py:2726} INFO - Sync 1 DAGs
[2023-06-27T10:05:25.977+0000] {logging_mixin.py:149} INFO - [2023-06-27T10:05:25.976+0000] {dag.py:3490} INFO - Setting next_dagrun for ingest_data_dag to 2023-06-27T00:00:00+00:00, run_after=2023-06-28T00:00:00+00:00
[2023-06-27T10:05:26.031+0000] {processor.py:179} INFO - Processing /opt/airflow/dags/ingest_data_dag.py took 0.251 seconds
