[2023-06-27T08:17:13.590+0000] {manager.py:487} INFO - Processing files using up to 2 processes at a time 
[2023-06-27T08:17:13.591+0000] {manager.py:488} INFO - Process each file at most once every 30 seconds
[2023-06-27T08:17:13.594+0000] {manager.py:490} INFO - Checking for new files in /opt/airflow/dags every 300 seconds
[2023-06-27T08:17:13.598+0000] {manager.py:758} INFO - Searching for files in /opt/airflow/dags
[2023-06-27T08:17:13.603+0000] {manager.py:761} INFO - There are 0 files in /opt/airflow/dags
[2023-06-27T08:22:14.236+0000] {manager.py:758} INFO - Searching for files in /opt/airflow/dags
[2023-06-27T08:22:14.245+0000] {manager.py:761} INFO - There are 0 files in /opt/airflow/dags
[2023-06-27T08:27:01.003+0000] {manager.py:470} INFO - Exiting gracefully upon receiving signal 15
[2023-06-27T08:34:05.149+0000] {manager.py:487} INFO - Processing files using up to 2 processes at a time 
[2023-06-27T08:34:05.168+0000] {manager.py:488} INFO - Process each file at most once every 30 seconds
[2023-06-27T08:34:05.184+0000] {manager.py:490} INFO - Checking for new files in /opt/airflow/dags every 300 seconds
[2023-06-27T08:34:05.187+0000] {manager.py:758} INFO - Searching for files in /opt/airflow/dags
[2023-06-27T08:34:05.196+0000] {manager.py:761} INFO - There are 0 files in /opt/airflow/dags
[2023-06-27T08:39:05.776+0000] {manager.py:758} INFO - Searching for files in /opt/airflow/dags
[2023-06-27T08:39:05.781+0000] {manager.py:761} INFO - There are 0 files in /opt/airflow/dags
[2023-06-27T08:44:06.334+0000] {manager.py:758} INFO - Searching for files in /opt/airflow/dags
[2023-06-27T08:44:06.341+0000] {manager.py:761} INFO - There are 0 files in /opt/airflow/dags
[2023-06-27T08:49:06.780+0000] {manager.py:758} INFO - Searching for files in /opt/airflow/dags
[2023-06-27T08:49:06.784+0000] {manager.py:761} INFO - There are 0 files in /opt/airflow/dags
[2023-06-27T08:53:42.227+0000] {manager.py:470} INFO - Exiting gracefully upon receiving signal 15
[2023-06-27T09:23:54.852+0000] {manager.py:487} INFO - Processing files using up to 2 processes at a time 
[2023-06-27T09:23:54.862+0000] {manager.py:488} INFO - Process each file at most once every 30 seconds
[2023-06-27T09:23:54.866+0000] {manager.py:490} INFO - Checking for new files in /opt/airflow/dags every 300 seconds
[2023-06-27T09:23:54.871+0000] {manager.py:758} INFO - Searching for files in /opt/airflow/dags
[2023-06-27T09:23:54.941+0000] {manager.py:761} INFO - There are 1 files in /opt/airflow/dags
[2023-06-27T09:24:04.854+0000] {manager.py:889} INFO - 
================================================================================
DAG File Processing Stats

File Path                               PID  Runtime      # DAGs    # Errors  Last Runtime    Last Run
------------------------------------  -----  ---------  --------  ----------  --------------  ----------
/opt/airflow/dags/ingest_data_dag.py     45  0.11s             0           0
================================================================================
[2023-06-27T09:24:35.132+0000] {manager.py:889} INFO - 
================================================================================
DAG File Processing Stats

File Path                             PID    Runtime      # DAGs    # Errors  Last Runtime    Last Run
------------------------------------  -----  ---------  --------  ----------  --------------  -------------------
/opt/airflow/dags/ingest_data_dag.py                           1           0  1.59s           2023-06-27T09:24:06
================================================================================
[2023-06-27T09:25:05.395+0000] {manager.py:889} INFO - 
================================================================================
DAG File Processing Stats

File Path                             PID    Runtime      # DAGs    # Errors  Last Runtime    Last Run
------------------------------------  -----  ---------  --------  ----------  --------------  -------------------
/opt/airflow/dags/ingest_data_dag.py                           1           0  0.54s           2023-06-27T09:24:37
================================================================================
[2023-06-27T09:25:35.654+0000] {manager.py:889} INFO - 
================================================================================
DAG File Processing Stats

File Path                             PID    Runtime      # DAGs    # Errors  Last Runtime    Last Run
------------------------------------  -----  ---------  --------  ----------  --------------  -------------------
/opt/airflow/dags/ingest_data_dag.py                           1           0  0.33s           2023-06-27T09:25:07
================================================================================
[2023-06-27T09:26:06.268+0000] {manager.py:889} INFO - 
================================================================================
DAG File Processing Stats

File Path                             PID    Runtime      # DAGs    # Errors  Last Runtime    Last Run
------------------------------------  -----  ---------  --------  ----------  --------------  -------------------
/opt/airflow/dags/ingest_data_dag.py                           1           0  0.30s           2023-06-27T09:25:38
================================================================================
[2023-06-27T09:26:36.803+0000] {manager.py:889} INFO - 
================================================================================
DAG File Processing Stats

File Path                             PID    Runtime      # DAGs    # Errors  Last Runtime    Last Run
------------------------------------  -----  ---------  --------  ----------  --------------  -------------------
/opt/airflow/dags/ingest_data_dag.py                           1           0  0.32s           2023-06-27T09:26:08
================================================================================
[2023-06-27T09:27:07.387+0000] {manager.py:889} INFO - 
================================================================================
DAG File Processing Stats

File Path                             PID    Runtime      # DAGs    # Errors  Last Runtime    Last Run
------------------------------------  -----  ---------  --------  ----------  --------------  -------------------
/opt/airflow/dags/ingest_data_dag.py                           1           0  0.39s           2023-06-27T09:26:39
================================================================================
[2023-06-27T09:27:38.029+0000] {manager.py:889} INFO - 
================================================================================
DAG File Processing Stats

File Path                             PID    Runtime      # DAGs    # Errors  Last Runtime    Last Run
------------------------------------  -----  ---------  --------  ----------  --------------  -------------------
/opt/airflow/dags/ingest_data_dag.py                           1           0  0.37s           2023-06-27T09:27:10
================================================================================
[2023-06-27T09:28:08.084+0000] {manager.py:889} INFO - 
================================================================================
DAG File Processing Stats

File Path                             PID    Runtime      # DAGs    # Errors  Last Runtime    Last Run
------------------------------------  -----  ---------  --------  ----------  --------------  -------------------
/opt/airflow/dags/ingest_data_dag.py                           1           0  0.40s           2023-06-27T09:27:40
================================================================================
[2023-06-27T09:28:38.460+0000] {manager.py:889} INFO - 
================================================================================
DAG File Processing Stats

File Path                             PID    Runtime      # DAGs    # Errors  Last Runtime    Last Run
------------------------------------  -----  ---------  --------  ----------  --------------  -------------------
/opt/airflow/dags/ingest_data_dag.py                           1           0  0.40s           2023-06-27T09:28:11
================================================================================
[2023-06-27T09:28:54.946+0000] {manager.py:758} INFO - Searching for files in /opt/airflow/dags
[2023-06-27T09:28:55.004+0000] {manager.py:761} INFO - There are 1 files in /opt/airflow/dags
[2023-06-27T09:29:09.172+0000] {manager.py:889} INFO - 
================================================================================
DAG File Processing Stats

File Path                             PID    Runtime      # DAGs    # Errors  Last Runtime    Last Run
------------------------------------  -----  ---------  --------  ----------  --------------  -------------------
/opt/airflow/dags/ingest_data_dag.py                           1           0  0.35s           2023-06-27T09:28:42
================================================================================
[2023-06-27T09:29:39.669+0000] {manager.py:889} INFO - 
================================================================================
DAG File Processing Stats

File Path                             PID    Runtime      # DAGs    # Errors  Last Runtime    Last Run
------------------------------------  -----  ---------  --------  ----------  --------------  -------------------
/opt/airflow/dags/ingest_data_dag.py                           1           0  0.34s           2023-06-27T09:29:12
================================================================================
[2023-06-27T09:30:10.038+0000] {manager.py:889} INFO - 
================================================================================
DAG File Processing Stats

File Path                             PID    Runtime      # DAGs    # Errors  Last Runtime    Last Run
------------------------------------  -----  ---------  --------  ----------  --------------  -------------------
/opt/airflow/dags/ingest_data_dag.py                           1           0  0.34s           2023-06-27T09:29:43
================================================================================
[2023-06-27T09:30:40.527+0000] {manager.py:889} INFO - 
================================================================================
DAG File Processing Stats

File Path                             PID    Runtime      # DAGs    # Errors  Last Runtime    Last Run
------------------------------------  -----  ---------  --------  ----------  --------------  -------------------
/opt/airflow/dags/ingest_data_dag.py                           1           0  0.40s           2023-06-27T09:30:13
================================================================================
[2023-06-27T09:31:10.985+0000] {manager.py:889} INFO - 
================================================================================
DAG File Processing Stats

File Path                             PID    Runtime      # DAGs    # Errors  Last Runtime    Last Run
------------------------------------  -----  ---------  --------  ----------  --------------  -------------------
/opt/airflow/dags/ingest_data_dag.py                           1           0  0.40s           2023-06-27T09:30:43
================================================================================
[2023-06-27T09:31:41.478+0000] {manager.py:889} INFO - 
================================================================================
DAG File Processing Stats

File Path                             PID    Runtime      # DAGs    # Errors  Last Runtime    Last Run
------------------------------------  -----  ---------  --------  ----------  --------------  -------------------
/opt/airflow/dags/ingest_data_dag.py                           1           0  0.42s           2023-06-27T09:31:14
================================================================================
[2023-06-27T09:32:11.924+0000] {manager.py:889} INFO - 
================================================================================
DAG File Processing Stats

File Path                             PID    Runtime      # DAGs    # Errors  Last Runtime    Last Run
------------------------------------  -----  ---------  --------  ----------  --------------  -------------------
/opt/airflow/dags/ingest_data_dag.py                           1           0  0.42s           2023-06-27T09:31:44
================================================================================
[2023-06-27T09:32:39.996+0000] {manager.py:470} INFO - Exiting gracefully upon receiving signal 15
