[2023-06-27T09:53:45.955+0000] {logging_mixin.py:149} INFO - Changing /opt/***/logs/dag_id=ingest_data_dag/run_id=manual__2023-06-27T09:53:39.130441+00:00/task_id=download_data_task_2018 permission to 509
[2023-06-27T09:53:46.055+0000] {logging_mixin.py:149} INFO - Changing /opt/***/logs/dag_id=ingest_data_dag/run_id=manual__2023-06-27T09:53:39.130441+00:00/task_id=download_data_task_2018 permission to 509
[2023-06-27T09:53:46.117+0000] {taskinstance.py:1103} INFO - Dependencies all met for dep_context=non-requeueable deps ti=<TaskInstance: ingest_data_dag.download_data_task_2018 manual__2023-06-27T09:53:39.130441+00:00 [queued]>
[2023-06-27T09:53:46.143+0000] {taskinstance.py:1103} INFO - Dependencies all met for dep_context=requeueable deps ti=<TaskInstance: ingest_data_dag.download_data_task_2018 manual__2023-06-27T09:53:39.130441+00:00 [queued]>
[2023-06-27T09:53:46.145+0000] {taskinstance.py:1308} INFO - Starting attempt 1 of 2
[2023-06-27T09:53:46.185+0000] {taskinstance.py:1327} INFO - Executing <Task(BashOperator): download_data_task_2018> on 2023-06-27 09:53:39.130441+00:00
[2023-06-27T09:53:46.200+0000] {standard_task_runner.py:57} INFO - Started process 75 to run task
[2023-06-27T09:53:46.213+0000] {standard_task_runner.py:84} INFO - Running: ['***', 'tasks', 'run', 'ingest_data_dag', 'download_data_task_2018', 'manual__2023-06-27T09:53:39.130441+00:00', '--job-id', '540', '--raw', '--subdir', 'DAGS_FOLDER/ingest_data_dag.py', '--cfg-path', '/tmp/tmpip4387qb']
[2023-06-27T09:53:46.221+0000] {standard_task_runner.py:85} INFO - Job 540: Subtask download_data_task_2018
[2023-06-27T09:53:46.331+0000] {logging_mixin.py:149} INFO - Changing /opt/***/logs/dag_id=ingest_data_dag/run_id=manual__2023-06-27T09:53:39.130441+00:00/task_id=download_data_task_2018 permission to 509
[2023-06-27T09:53:46.349+0000] {task_command.py:410} INFO - Running <TaskInstance: ingest_data_dag.download_data_task_2018 manual__2023-06-27T09:53:39.130441+00:00 [running]> on host 078f56016118
[2023-06-27T09:53:46.580+0000] {taskinstance.py:1547} INFO - Exporting env vars: AIRFLOW_CTX_DAG_OWNER='***' AIRFLOW_CTX_DAG_ID='ingest_data_dag' AIRFLOW_CTX_TASK_ID='download_data_task_2018' AIRFLOW_CTX_EXECUTION_DATE='2023-06-27T09:53:39.130441+00:00' AIRFLOW_CTX_TRY_NUMBER='1' AIRFLOW_CTX_DAG_RUN_ID='manual__2023-06-27T09:53:39.130441+00:00'
[2023-06-27T09:53:46.586+0000] {subprocess.py:63} INFO - Tmp dir root location: 
 /tmp
[2023-06-27T09:53:46.588+0000] {subprocess.py:75} INFO - Running command: ['/bin/bash', '-c', 'curl -sS http://kilimodata.org/datastore/dump/4babb6fc-a24c-4e6b-8528-114658e0b402?bom=True > /opt/***/production_2018.csv']
[2023-06-27T09:53:46.619+0000] {subprocess.py:86} INFO - Output:
[2023-06-27T09:53:48.578+0000] {subprocess.py:97} INFO - Command exited with return code 0
[2023-06-27T09:53:48.651+0000] {taskinstance.py:1350} INFO - Marking task as SUCCESS. dag_id=ingest_data_dag, task_id=download_data_task_2018, execution_date=20230627T095339, start_date=20230627T095346, end_date=20230627T095348
[2023-06-27T09:53:48.753+0000] {local_task_job_runner.py:225} INFO - Task exited with return code 0
[2023-06-27T09:53:48.866+0000] {taskinstance.py:2651} INFO - 1 downstream tasks scheduled from follow-on schedule check
