[2023-07-09T17:28:23.046+0000] {logging_mixin.py:149} INFO - Changing /opt/***/logs/dag_id=ingest_data_dag/run_id=manual__2023-07-09T17:27:57.064740+00:00/task_id=download_data_task_2018 permission to 509
[2023-07-09T17:28:23.119+0000] {logging_mixin.py:149} INFO - Changing /opt/***/logs/dag_id=ingest_data_dag/run_id=manual__2023-07-09T17:27:57.064740+00:00/task_id=download_data_task_2018 permission to 509
[2023-07-09T17:28:23.188+0000] {taskinstance.py:1103} INFO - Dependencies all met for dep_context=non-requeueable deps ti=<TaskInstance: ingest_data_dag.download_data_task_2018 manual__2023-07-09T17:27:57.064740+00:00 [queued]>
[2023-07-09T17:28:23.225+0000] {taskinstance.py:1103} INFO - Dependencies all met for dep_context=requeueable deps ti=<TaskInstance: ingest_data_dag.download_data_task_2018 manual__2023-07-09T17:27:57.064740+00:00 [queued]>
[2023-07-09T17:28:23.226+0000] {taskinstance.py:1308} INFO - Starting attempt 1 of 2
[2023-07-09T17:28:23.259+0000] {taskinstance.py:1327} INFO - Executing <Task(BashOperator): download_data_task_2018> on 2023-07-09 17:27:57.064740+00:00
[2023-07-09T17:28:23.269+0000] {standard_task_runner.py:57} INFO - Started process 138 to run task
[2023-07-09T17:28:23.278+0000] {standard_task_runner.py:84} INFO - Running: ['***', 'tasks', 'run', 'ingest_data_dag', 'download_data_task_2018', 'manual__2023-07-09T17:27:57.064740+00:00', '--job-id', '11', '--raw', '--subdir', 'DAGS_FOLDER/ingest_data_dag.py', '--cfg-path', '/tmp/tmp5dbmgnoe']
[2023-07-09T17:28:23.284+0000] {standard_task_runner.py:85} INFO - Job 11: Subtask download_data_task_2018
[2023-07-09T17:28:23.386+0000] {logging_mixin.py:149} INFO - Changing /opt/***/logs/dag_id=ingest_data_dag/run_id=manual__2023-07-09T17:27:57.064740+00:00/task_id=download_data_task_2018 permission to 509
[2023-07-09T17:28:23.405+0000] {task_command.py:410} INFO - Running <TaskInstance: ingest_data_dag.download_data_task_2018 manual__2023-07-09T17:27:57.064740+00:00 [running]> on host 188f90010e1f
[2023-07-09T17:28:23.677+0000] {taskinstance.py:1547} INFO - Exporting env vars: AIRFLOW_CTX_DAG_OWNER='***' AIRFLOW_CTX_DAG_ID='ingest_data_dag' AIRFLOW_CTX_TASK_ID='download_data_task_2018' AIRFLOW_CTX_EXECUTION_DATE='2023-07-09T17:27:57.064740+00:00' AIRFLOW_CTX_TRY_NUMBER='1' AIRFLOW_CTX_DAG_RUN_ID='manual__2023-07-09T17:27:57.064740+00:00'
[2023-07-09T17:28:23.684+0000] {subprocess.py:63} INFO - Tmp dir root location: 
 /tmp
[2023-07-09T17:28:23.687+0000] {subprocess.py:75} INFO - Running command: ['/bin/bash', '-c', 'curl -sS http://kilimodata.org/datastore/dump/4babb6fc-a24c-4e6b-8528-114658e0b402?bom=True > /opt/***/production_2018.csv']
[2023-07-09T17:28:23.719+0000] {subprocess.py:86} INFO - Output:
[2023-07-09T17:28:24.562+0000] {subprocess.py:97} INFO - Command exited with return code 0
[2023-07-09T17:28:24.632+0000] {taskinstance.py:1350} INFO - Marking task as SUCCESS. dag_id=ingest_data_dag, task_id=download_data_task_2018, execution_date=20230709T172757, start_date=20230709T172823, end_date=20230709T172824
[2023-07-09T17:28:24.721+0000] {local_task_job_runner.py:225} INFO - Task exited with return code 0
[2023-07-09T17:28:24.851+0000] {taskinstance.py:2651} INFO - 1 downstream tasks scheduled from follow-on schedule check
