[2023-06-27T09:53:45.957+0000] {logging_mixin.py:149} INFO - Changing /opt/***/logs/dag_id=ingest_data_dag/run_id=manual__2023-06-27T09:53:39.130441+00:00/task_id=download_data_task_2017 permission to 509
[2023-06-27T09:53:46.054+0000] {logging_mixin.py:149} INFO - Changing /opt/***/logs/dag_id=ingest_data_dag/run_id=manual__2023-06-27T09:53:39.130441+00:00/task_id=download_data_task_2017 permission to 509
[2023-06-27T09:53:46.126+0000] {taskinstance.py:1103} INFO - Dependencies all met for dep_context=non-requeueable deps ti=<TaskInstance: ingest_data_dag.download_data_task_2017 manual__2023-06-27T09:53:39.130441+00:00 [queued]>
[2023-06-27T09:53:46.150+0000] {taskinstance.py:1103} INFO - Dependencies all met for dep_context=requeueable deps ti=<TaskInstance: ingest_data_dag.download_data_task_2017 manual__2023-06-27T09:53:39.130441+00:00 [queued]>
[2023-06-27T09:53:46.152+0000] {taskinstance.py:1308} INFO - Starting attempt 1 of 2
[2023-06-27T09:53:46.190+0000] {taskinstance.py:1327} INFO - Executing <Task(BashOperator): download_data_task_2017> on 2023-06-27 09:53:39.130441+00:00
[2023-06-27T09:53:46.203+0000] {standard_task_runner.py:57} INFO - Started process 76 to run task
[2023-06-27T09:53:46.214+0000] {standard_task_runner.py:84} INFO - Running: ['***', 'tasks', 'run', 'ingest_data_dag', 'download_data_task_2017', 'manual__2023-06-27T09:53:39.130441+00:00', '--job-id', '539', '--raw', '--subdir', 'DAGS_FOLDER/ingest_data_dag.py', '--cfg-path', '/tmp/tmp803ko6cp']
[2023-06-27T09:53:46.221+0000] {standard_task_runner.py:85} INFO - Job 539: Subtask download_data_task_2017
[2023-06-27T09:53:46.329+0000] {logging_mixin.py:149} INFO - Changing /opt/***/logs/dag_id=ingest_data_dag/run_id=manual__2023-06-27T09:53:39.130441+00:00/task_id=download_data_task_2017 permission to 509
[2023-06-27T09:53:46.346+0000] {task_command.py:410} INFO - Running <TaskInstance: ingest_data_dag.download_data_task_2017 manual__2023-06-27T09:53:39.130441+00:00 [running]> on host 078f56016118
[2023-06-27T09:53:46.567+0000] {taskinstance.py:1547} INFO - Exporting env vars: AIRFLOW_CTX_DAG_OWNER='***' AIRFLOW_CTX_DAG_ID='ingest_data_dag' AIRFLOW_CTX_TASK_ID='download_data_task_2017' AIRFLOW_CTX_EXECUTION_DATE='2023-06-27T09:53:39.130441+00:00' AIRFLOW_CTX_TRY_NUMBER='1' AIRFLOW_CTX_DAG_RUN_ID='manual__2023-06-27T09:53:39.130441+00:00'
[2023-06-27T09:53:46.572+0000] {subprocess.py:63} INFO - Tmp dir root location: 
 /tmp
[2023-06-27T09:53:46.574+0000] {subprocess.py:75} INFO - Running command: ['/bin/bash', '-c', 'curl -sS http://kilimodata.org/datastore/dump/40f681c0-20e6-4dc4-9c70-dcdb19b8940e?bom=True > /opt/***/production_2017.csv']
[2023-06-27T09:53:46.617+0000] {subprocess.py:86} INFO - Output:
[2023-06-27T09:53:48.750+0000] {subprocess.py:97} INFO - Command exited with return code 0
[2023-06-27T09:53:48.841+0000] {taskinstance.py:1350} INFO - Marking task as SUCCESS. dag_id=ingest_data_dag, task_id=download_data_task_2017, execution_date=20230627T095339, start_date=20230627T095346, end_date=20230627T095348
[2023-06-27T09:53:48.957+0000] {local_task_job_runner.py:225} INFO - Task exited with return code 0
[2023-06-27T09:53:49.104+0000] {taskinstance.py:2651} INFO - 1 downstream tasks scheduled from follow-on schedule check
