[2023-06-27T09:26:50.138+0000] {logging_mixin.py:149} INFO - Changing /opt/***/logs/dag_id=ingest_data_dag/run_id=manual__2023-06-27T09:26:19.043787+00:00/task_id=download_data_task_2017 permission to 509
[2023-06-27T09:26:50.228+0000] {logging_mixin.py:149} INFO - Changing /opt/***/logs/dag_id=ingest_data_dag/run_id=manual__2023-06-27T09:26:19.043787+00:00/task_id=download_data_task_2017 permission to 509
[2023-06-27T09:26:50.302+0000] {taskinstance.py:1103} INFO - Dependencies all met for dep_context=non-requeueable deps ti=<TaskInstance: ingest_data_dag.download_data_task_2017 manual__2023-06-27T09:26:19.043787+00:00 [queued]>
[2023-06-27T09:26:50.332+0000] {taskinstance.py:1103} INFO - Dependencies all met for dep_context=requeueable deps ti=<TaskInstance: ingest_data_dag.download_data_task_2017 manual__2023-06-27T09:26:19.043787+00:00 [queued]>
[2023-06-27T09:26:50.334+0000] {taskinstance.py:1308} INFO - Starting attempt 1 of 2
[2023-06-27T09:26:50.372+0000] {taskinstance.py:1327} INFO - Executing <Task(BashOperator): download_data_task_2017> on 2023-06-27 09:26:19.043787+00:00
[2023-06-27T09:26:50.384+0000] {standard_task_runner.py:57} INFO - Started process 157 to run task
[2023-06-27T09:26:50.395+0000] {standard_task_runner.py:84} INFO - Running: ['***', 'tasks', 'run', 'ingest_data_dag', 'download_data_task_2017', 'manual__2023-06-27T09:26:19.043787+00:00', '--job-id', '530', '--raw', '--subdir', 'DAGS_FOLDER/ingest_data_dag.py', '--cfg-path', '/tmp/tmpdnf18xyr']
[2023-06-27T09:26:50.403+0000] {standard_task_runner.py:85} INFO - Job 530: Subtask download_data_task_2017
[2023-06-27T09:26:50.521+0000] {logging_mixin.py:149} INFO - Changing /opt/***/logs/dag_id=ingest_data_dag/run_id=manual__2023-06-27T09:26:19.043787+00:00/task_id=download_data_task_2017 permission to 509
[2023-06-27T09:26:50.544+0000] {task_command.py:410} INFO - Running <TaskInstance: ingest_data_dag.download_data_task_2017 manual__2023-06-27T09:26:19.043787+00:00 [running]> on host c72d474eb810
[2023-06-27T09:26:50.800+0000] {taskinstance.py:1547} INFO - Exporting env vars: AIRFLOW_CTX_DAG_OWNER='***' AIRFLOW_CTX_DAG_ID='ingest_data_dag' AIRFLOW_CTX_TASK_ID='download_data_task_2017' AIRFLOW_CTX_EXECUTION_DATE='2023-06-27T09:26:19.043787+00:00' AIRFLOW_CTX_TRY_NUMBER='1' AIRFLOW_CTX_DAG_RUN_ID='manual__2023-06-27T09:26:19.043787+00:00'
[2023-06-27T09:26:50.807+0000] {subprocess.py:63} INFO - Tmp dir root location: 
 /tmp
[2023-06-27T09:26:50.812+0000] {subprocess.py:75} INFO - Running command: ['/bin/bash', '-c', 'curl -sS http://kilimodata.org/datastore/dump/40f681c0-20e6-4dc4-9c70-dcdb19b8940e?bom=True > /opt/***/production_2017.csv']
[2023-06-27T09:26:50.844+0000] {subprocess.py:86} INFO - Output:
[2023-06-27T09:26:51.744+0000] {subprocess.py:97} INFO - Command exited with return code 0
[2023-06-27T09:26:51.832+0000] {taskinstance.py:1350} INFO - Marking task as SUCCESS. dag_id=ingest_data_dag, task_id=download_data_task_2017, execution_date=20230627T092619, start_date=20230627T092650, end_date=20230627T092651
[2023-06-27T09:26:51.945+0000] {local_task_job_runner.py:225} INFO - Task exited with return code 0
[2023-06-27T09:26:52.025+0000] {taskinstance.py:2651} INFO - 1 downstream tasks scheduled from follow-on schedule check
