[2023-07-09T17:28:03.395+0000] {logging_mixin.py:149} INFO - Changing /opt/***/logs/dag_id=ingest_data_dag/run_id=scheduled__2023-07-08T00:00:00+00:00/task_id=download_data_task_2017 permission to 509
[2023-07-09T17:28:03.475+0000] {logging_mixin.py:149} INFO - Changing /opt/***/logs/dag_id=ingest_data_dag/run_id=scheduled__2023-07-08T00:00:00+00:00/task_id=download_data_task_2017 permission to 509
[2023-07-09T17:28:03.528+0000] {taskinstance.py:1103} INFO - Dependencies all met for dep_context=non-requeueable deps ti=<TaskInstance: ingest_data_dag.download_data_task_2017 scheduled__2023-07-08T00:00:00+00:00 [queued]>
[2023-07-09T17:28:03.550+0000] {taskinstance.py:1103} INFO - Dependencies all met for dep_context=requeueable deps ti=<TaskInstance: ingest_data_dag.download_data_task_2017 scheduled__2023-07-08T00:00:00+00:00 [queued]>
[2023-07-09T17:28:03.552+0000] {taskinstance.py:1308} INFO - Starting attempt 1 of 2
[2023-07-09T17:28:03.576+0000] {taskinstance.py:1327} INFO - Executing <Task(BashOperator): download_data_task_2017> on 2023-07-08 00:00:00+00:00
[2023-07-09T17:28:03.585+0000] {standard_task_runner.py:57} INFO - Started process 89 to run task
[2023-07-09T17:28:03.594+0000] {standard_task_runner.py:84} INFO - Running: ['***', 'tasks', 'run', 'ingest_data_dag', 'download_data_task_2017', 'scheduled__2023-07-08T00:00:00+00:00', '--job-id', '3', '--raw', '--subdir', 'DAGS_FOLDER/ingest_data_dag.py', '--cfg-path', '/tmp/tmp9ezfw0bq']
[2023-07-09T17:28:03.601+0000] {standard_task_runner.py:85} INFO - Job 3: Subtask download_data_task_2017
[2023-07-09T17:28:03.701+0000] {logging_mixin.py:149} INFO - Changing /opt/***/logs/dag_id=ingest_data_dag/run_id=scheduled__2023-07-08T00:00:00+00:00/task_id=download_data_task_2017 permission to 509
[2023-07-09T17:28:03.719+0000] {task_command.py:410} INFO - Running <TaskInstance: ingest_data_dag.download_data_task_2017 scheduled__2023-07-08T00:00:00+00:00 [running]> on host 188f90010e1f
[2023-07-09T17:28:03.889+0000] {taskinstance.py:1547} INFO - Exporting env vars: AIRFLOW_CTX_DAG_OWNER='***' AIRFLOW_CTX_DAG_ID='ingest_data_dag' AIRFLOW_CTX_TASK_ID='download_data_task_2017' AIRFLOW_CTX_EXECUTION_DATE='2023-07-08T00:00:00+00:00' AIRFLOW_CTX_TRY_NUMBER='1' AIRFLOW_CTX_DAG_RUN_ID='scheduled__2023-07-08T00:00:00+00:00'
[2023-07-09T17:28:03.894+0000] {subprocess.py:63} INFO - Tmp dir root location: 
 /tmp
[2023-07-09T17:28:03.896+0000] {subprocess.py:75} INFO - Running command: ['/bin/bash', '-c', 'curl -sS http://kilimodata.org/datastore/dump/40f681c0-20e6-4dc4-9c70-dcdb19b8940e?bom=True > /opt/***/production_2017.csv']
[2023-07-09T17:28:03.918+0000] {subprocess.py:86} INFO - Output:
[2023-07-09T17:28:05.488+0000] {subprocess.py:97} INFO - Command exited with return code 0
[2023-07-09T17:28:05.577+0000] {taskinstance.py:1350} INFO - Marking task as SUCCESS. dag_id=ingest_data_dag, task_id=download_data_task_2017, execution_date=20230708T000000, start_date=20230709T172803, end_date=20230709T172805
[2023-07-09T17:28:05.664+0000] {local_task_job_runner.py:225} INFO - Task exited with return code 0
[2023-07-09T17:28:05.763+0000] {taskinstance.py:2651} INFO - 1 downstream tasks scheduled from follow-on schedule check
