[2023-07-06T11:58:03.676+0000] {logging_mixin.py:149} INFO - Changing /opt/***/logs/dag_id=ingest_data_dag/run_id=scheduled__2023-07-05T00:00:00+00:00/task_id=download_data_task_2018 permission to 509
[2023-07-06T11:58:03.762+0000] {logging_mixin.py:149} INFO - Changing /opt/***/logs/dag_id=ingest_data_dag/run_id=scheduled__2023-07-05T00:00:00+00:00/task_id=download_data_task_2018 permission to 509
[2023-07-06T11:58:03.824+0000] {taskinstance.py:1103} INFO - Dependencies all met for dep_context=non-requeueable deps ti=<TaskInstance: ingest_data_dag.download_data_task_2018 scheduled__2023-07-05T00:00:00+00:00 [queued]>
[2023-07-06T11:58:03.847+0000] {taskinstance.py:1103} INFO - Dependencies all met for dep_context=requeueable deps ti=<TaskInstance: ingest_data_dag.download_data_task_2018 scheduled__2023-07-05T00:00:00+00:00 [queued]>
[2023-07-06T11:58:03.849+0000] {taskinstance.py:1308} INFO - Starting attempt 1 of 2
[2023-07-06T11:58:03.889+0000] {taskinstance.py:1327} INFO - Executing <Task(BashOperator): download_data_task_2018> on 2023-07-05 00:00:00+00:00
[2023-07-06T11:58:03.901+0000] {standard_task_runner.py:57} INFO - Started process 105 to run task
[2023-07-06T11:58:03.912+0000] {standard_task_runner.py:84} INFO - Running: ['***', 'tasks', 'run', 'ingest_data_dag', 'download_data_task_2018', 'scheduled__2023-07-05T00:00:00+00:00', '--job-id', '558', '--raw', '--subdir', 'DAGS_FOLDER/ingest_data_dag.py', '--cfg-path', '/tmp/tmp5w_r_bj9']
[2023-07-06T11:58:03.919+0000] {standard_task_runner.py:85} INFO - Job 558: Subtask download_data_task_2018
[2023-07-06T11:58:04.023+0000] {logging_mixin.py:149} INFO - Changing /opt/***/logs/dag_id=ingest_data_dag/run_id=scheduled__2023-07-05T00:00:00+00:00/task_id=download_data_task_2018 permission to 509
[2023-07-06T11:58:04.039+0000] {task_command.py:410} INFO - Running <TaskInstance: ingest_data_dag.download_data_task_2018 scheduled__2023-07-05T00:00:00+00:00 [running]> on host 078f56016118
[2023-07-06T11:58:04.246+0000] {taskinstance.py:1547} INFO - Exporting env vars: AIRFLOW_CTX_DAG_OWNER='***' AIRFLOW_CTX_DAG_ID='ingest_data_dag' AIRFLOW_CTX_TASK_ID='download_data_task_2018' AIRFLOW_CTX_EXECUTION_DATE='2023-07-05T00:00:00+00:00' AIRFLOW_CTX_TRY_NUMBER='1' AIRFLOW_CTX_DAG_RUN_ID='scheduled__2023-07-05T00:00:00+00:00'
[2023-07-06T11:58:04.251+0000] {subprocess.py:63} INFO - Tmp dir root location: 
 /tmp
[2023-07-06T11:58:04.254+0000] {subprocess.py:75} INFO - Running command: ['/bin/bash', '-c', 'curl -sS http://kilimodata.org/datastore/dump/4babb6fc-a24c-4e6b-8528-114658e0b402?bom=True > /opt/***/production_2018.csv']
[2023-07-06T11:58:04.277+0000] {subprocess.py:86} INFO - Output:
[2023-07-06T11:58:05.411+0000] {subprocess.py:97} INFO - Command exited with return code 0
[2023-07-06T11:58:05.466+0000] {taskinstance.py:1350} INFO - Marking task as SUCCESS. dag_id=ingest_data_dag, task_id=download_data_task_2018, execution_date=20230705T000000, start_date=20230706T115803, end_date=20230706T115805
[2023-07-06T11:58:05.528+0000] {local_task_job_runner.py:225} INFO - Task exited with return code 0
[2023-07-06T11:58:05.603+0000] {taskinstance.py:2651} INFO - 1 downstream tasks scheduled from follow-on schedule check
